{"/Users/istvanlovas/WebstormProjects/frontend-task-boilerplate-main/postcss.config.cjs": {"path":"/Users/istvanlovas/WebstormProjects/frontend-task-boilerplate-main/postcss.config.cjs","all":true,"statementMap":{"0":{"start":{"line":1,"column":0},"end":{"line":1,"column":18}},"1":{"start":{"line":2,"column":0},"end":{"line":2,"column":14}},"2":{"start":{"line":3,"column":0},"end":{"line":3,"column":24}},"3":{"start":{"line":4,"column":0},"end":{"line":4,"column":25}},"4":{"start":{"line":5,"column":0},"end":{"line":5,"column":6}},"5":{"start":{"line":6,"column":0},"end":{"line":6,"column":2}}},"s":{"0":0,"1":0,"2":0,"3":0,"4":0,"5":0},"branchMap":{"0":{"type":"branch","line":1,"loc":{"start":{"line":1,"column":94},"end":{"line":6,"column":2}},"locations":[{"start":{"line":1,"column":94},"end":{"line":6,"column":2}}]}},"b":{"0":[0]},"fnMap":{"0":{"name":"(empty-report)","decl":{"start":{"line":1,"column":94},"end":{"line":6,"column":2}},"loc":{"start":{"line":1,"column":94},"end":{"line":6,"column":2}},"line":1}},"f":{"0":0}}
,"/Users/istvanlovas/WebstormProjects/frontend-task-boilerplate-main/tailwind.config.ts": {"path":"/Users/istvanlovas/WebstormProjects/frontend-task-boilerplate-main/tailwind.config.ts","all":true,"statementMap":{"0":{"start":{"line":1,"column":0},"end":{"line":1,"column":42}},"1":{"start":{"line":2,"column":0},"end":{"line":2,"column":0}},"2":{"start":{"line":3,"column":0},"end":{"line":3,"column":16}},"3":{"start":{"line":4,"column":0},"end":{"line":4,"column":60}},"4":{"start":{"line":5,"column":0},"end":{"line":5,"column":12}},"5":{"start":{"line":6,"column":0},"end":{"line":6,"column":19}},"6":{"start":{"line":7,"column":0},"end":{"line":7,"column":6}},"7":{"start":{"line":8,"column":0},"end":{"line":8,"column":16}},"8":{"start":{"line":9,"column":0},"end":{"line":9,"column":19}}},"s":{"0":0,"1":0,"2":0,"3":0,"4":0,"5":0,"6":0,"7":0,"8":0},"branchMap":{"0":{"type":"branch","line":1,"loc":{"start":{"line":1,"column":198},"end":{"line":9,"column":19}},"locations":[{"start":{"line":1,"column":198},"end":{"line":9,"column":19}}]}},"b":{"0":[0]},"fnMap":{"0":{"name":"(empty-report)","decl":{"start":{"line":1,"column":198},"end":{"line":9,"column":19}},"loc":{"start":{"line":1,"column":198},"end":{"line":9,"column":19}},"line":1}},"f":{"0":0}}
,"/Users/istvanlovas/WebstormProjects/frontend-task-boilerplate-main/src/client/App.tsx": {"path":"/Users/istvanlovas/WebstormProjects/frontend-task-boilerplate-main/src/client/App.tsx","all":false,"statementMap":{"0":{"start":{"line":1,"column":0},"end":{"line":1,"column":33}},"1":{"start":{"line":2,"column":0},"end":{"line":2,"column":0}},"2":{"start":{"line":3,"column":0},"end":{"line":3,"column":38}},"3":{"start":{"line":4,"column":0},"end":{"line":4,"column":46}},"4":{"start":{"line":5,"column":0},"end":{"line":5,"column":0}},"5":{"start":{"line":6,"column":0},"end":{"line":6,"column":26}},"6":{"start":{"line":7,"column":0},"end":{"line":7,"column":56}},"7":{"start":{"line":8,"column":0},"end":{"line":8,"column":0}},"8":{"start":{"line":9,"column":0},"end":{"line":9,"column":73}},"9":{"start":{"line":10,"column":0},"end":{"line":10,"column":0}},"10":{"start":{"line":11,"column":0},"end":{"line":11,"column":12}},"11":{"start":{"line":12,"column":0},"end":{"line":12,"column":49}},"12":{"start":{"line":13,"column":0},"end":{"line":13,"column":16}},"13":{"start":{"line":14,"column":0},"end":{"line":14,"column":314}},"14":{"start":{"line":15,"column":0},"end":{"line":15,"column":38}},"15":{"start":{"line":16,"column":0},"end":{"line":16,"column":34}},"16":{"start":{"line":17,"column":0},"end":{"line":17,"column":88}},"17":{"start":{"line":18,"column":0},"end":{"line":18,"column":14}},"18":{"start":{"line":19,"column":0},"end":{"line":19,"column":56}},"19":{"start":{"line":20,"column":0},"end":{"line":20,"column":71}},"20":{"start":{"line":21,"column":0},"end":{"line":21,"column":56}},"21":{"start":{"line":22,"column":0},"end":{"line":22,"column":94}},"22":{"start":{"line":23,"column":0},"end":{"line":23,"column":26}},"23":{"start":{"line":24,"column":0},"end":{"line":24,"column":61}},"24":{"start":{"line":25,"column":0},"end":{"line":25,"column":58}},"25":{"start":{"line":26,"column":0},"end":{"line":26,"column":26}},"26":{"start":{"line":27,"column":0},"end":{"line":27,"column":22}},"27":{"start":{"line":28,"column":0},"end":{"line":28,"column":18}},"28":{"start":{"line":29,"column":0},"end":{"line":29,"column":15}},"29":{"start":{"line":30,"column":0},"end":{"line":30,"column":6}},"30":{"start":{"line":31,"column":0},"end":{"line":31,"column":2}}},"s":{"0":1,"1":1,"2":1,"3":1,"4":1,"5":1,"6":1,"7":1,"8":1,"9":1,"10":1,"11":1,"12":1,"13":1,"14":1,"15":1,"16":1,"17":1,"18":1,"19":1,"20":1,"21":1,"22":1,"23":1,"24":1,"25":1,"26":1,"27":1,"28":1,"29":1,"30":1},"branchMap":{"0":{"type":"branch","line":6,"loc":{"start":{"line":6,"column":19},"end":{"line":31,"column":2}},"locations":[{"start":{"line":6,"column":19},"end":{"line":31,"column":2}}]}},"b":{"0":[1]},"fnMap":{"0":{"name":"App","decl":{"start":{"line":6,"column":19},"end":{"line":31,"column":2}},"loc":{"start":{"line":6,"column":19},"end":{"line":31,"column":2}},"line":6},"1":{"name":"onUploadSuccess","decl":{"start":{"line":9,"column":28},"end":{"line":9,"column":73}},"loc":{"start":{"line":9,"column":28},"end":{"line":9,"column":73}},"line":9}},"f":{"0":1,"1":0}}
,"/Users/istvanlovas/WebstormProjects/frontend-task-boilerplate-main/src/client/main.tsx": {"path":"/Users/istvanlovas/WebstormProjects/frontend-task-boilerplate-main/src/client/main.tsx","all":true,"statementMap":{"0":{"start":{"line":1,"column":0},"end":{"line":1,"column":21}},"1":{"start":{"line":2,"column":0},"end":{"line":2,"column":0}},"2":{"start":{"line":3,"column":0},"end":{"line":3,"column":35}},"3":{"start":{"line":4,"column":0},"end":{"line":4,"column":46}},"4":{"start":{"line":5,"column":0},"end":{"line":5,"column":0}},"5":{"start":{"line":6,"column":0},"end":{"line":6,"column":28}},"6":{"start":{"line":7,"column":0},"end":{"line":7,"column":0}},"7":{"start":{"line":8,"column":0},"end":{"line":8,"column":52}},"8":{"start":{"line":9,"column":0},"end":{"line":9,"column":19}},"9":{"start":{"line":10,"column":0},"end":{"line":10,"column":64}},"10":{"start":{"line":11,"column":0},"end":{"line":11,"column":1}},"11":{"start":{"line":12,"column":0},"end":{"line":12,"column":0}},"12":{"start":{"line":13,"column":0},"end":{"line":13,"column":31}},"13":{"start":{"line":14,"column":0},"end":{"line":14,"column":16}},"14":{"start":{"line":15,"column":0},"end":{"line":15,"column":15}},"15":{"start":{"line":16,"column":0},"end":{"line":16,"column":17}},"16":{"start":{"line":17,"column":0},"end":{"line":17,"column":2}}},"s":{"0":0,"1":0,"2":0,"3":0,"4":0,"5":0,"6":0,"7":0,"8":0,"9":0,"10":0,"11":0,"12":0,"13":0,"14":0,"15":0,"16":0},"branchMap":{"0":{"type":"branch","line":1,"loc":{"start":{"line":1,"column":363},"end":{"line":17,"column":2}},"locations":[{"start":{"line":1,"column":363},"end":{"line":17,"column":2}}]}},"b":{"0":[0]},"fnMap":{"0":{"name":"(empty-report)","decl":{"start":{"line":1,"column":363},"end":{"line":17,"column":2}},"loc":{"start":{"line":1,"column":363},"end":{"line":17,"column":2}},"line":1}},"f":{"0":0}}
,"/Users/istvanlovas/WebstormProjects/frontend-task-boilerplate-main/src/client/FileList/index.tsx": {"path":"/Users/istvanlovas/WebstormProjects/frontend-task-boilerplate-main/src/client/FileList/index.tsx","all":false,"statementMap":{"0":{"start":{"line":1,"column":0},"end":{"line":1,"column":37}},"1":{"start":{"line":2,"column":0},"end":{"line":2,"column":59}},"2":{"start":{"line":3,"column":0},"end":{"line":3,"column":0}},"3":{"start":{"line":4,"column":0},"end":{"line":4,"column":35}},"4":{"start":{"line":5,"column":0},"end":{"line":5,"column":0}},"5":{"start":{"line":6,"column":0},"end":{"line":6,"column":25}},"6":{"start":{"line":7,"column":0},"end":{"line":7,"column":21}},"7":{"start":{"line":8,"column":0},"end":{"line":8,"column":1}},"8":{"start":{"line":9,"column":0},"end":{"line":9,"column":28}},"9":{"start":{"line":10,"column":0},"end":{"line":10,"column":18}},"10":{"start":{"line":11,"column":0},"end":{"line":11,"column":1}},"11":{"start":{"line":12,"column":0},"end":{"line":12,"column":0}},"12":{"start":{"line":13,"column":0},"end":{"line":13,"column":25}},"13":{"start":{"line":14,"column":0},"end":{"line":14,"column":63}},"14":{"start":{"line":15,"column":0},"end":{"line":15,"column":49}},"15":{"start":{"line":16,"column":0},"end":{"line":16,"column":0}},"16":{"start":{"line":17,"column":0},"end":{"line":17,"column":21}},"17":{"start":{"line":18,"column":0},"end":{"line":18,"column":20}},"18":{"start":{"line":19,"column":0},"end":{"line":19,"column":26}},"19":{"start":{"line":20,"column":0},"end":{"line":20,"column":10}},"20":{"start":{"line":21,"column":0},"end":{"line":21,"column":48}},"21":{"start":{"line":22,"column":0},"end":{"line":22,"column":47}},"22":{"start":{"line":23,"column":0},"end":{"line":23,"column":36}},"23":{"start":{"line":24,"column":0},"end":{"line":24,"column":14}},"24":{"start":{"line":25,"column":0},"end":{"line":25,"column":52}},"25":{"start":{"line":26,"column":0},"end":{"line":26,"column":18}},"26":{"start":{"line":27,"column":0},"end":{"line":27,"column":0}},"27":{"start":{"line":28,"column":0},"end":{"line":28,"column":37}},"28":{"start":{"line":29,"column":0},"end":{"line":29,"column":15}},"29":{"start":{"line":30,"column":0},"end":{"line":30,"column":5}},"30":{"start":{"line":31,"column":0},"end":{"line":31,"column":0}},"31":{"start":{"line":32,"column":0},"end":{"line":32,"column":12}},"32":{"start":{"line":33,"column":0},"end":{"line":33,"column":76}},"33":{"start":{"line":34,"column":0},"end":{"line":34,"column":66}},"34":{"start":{"line":35,"column":0},"end":{"line":35,"column":33}},"35":{"start":{"line":36,"column":0},"end":{"line":36,"column":37}},"36":{"start":{"line":37,"column":0},"end":{"line":37,"column":28}},"37":{"start":{"line":38,"column":0},"end":{"line":38,"column":88}},"38":{"start":{"line":39,"column":0},"end":{"line":39,"column":39}},"39":{"start":{"line":40,"column":0},"end":{"line":40,"column":29}},"40":{"start":{"line":41,"column":0},"end":{"line":41,"column":22}},"41":{"start":{"line":42,"column":0},"end":{"line":42,"column":19}},"42":{"start":{"line":43,"column":0},"end":{"line":43,"column":17}},"43":{"start":{"line":44,"column":0},"end":{"line":44,"column":18}},"44":{"start":{"line":45,"column":0},"end":{"line":45,"column":6}},"45":{"start":{"line":46,"column":0},"end":{"line":46,"column":2}},"46":{"start":{"line":47,"column":0},"end":{"line":47,"column":0}},"47":{"start":{"line":48,"column":0},"end":{"line":48,"column":106}},"48":{"start":{"line":49,"column":0},"end":{"line":49,"column":61}}},"s":{"0":1,"1":1,"2":1,"3":1,"4":1,"5":1,"6":1,"7":1,"8":1,"9":1,"10":1,"11":1,"12":1,"13":1,"14":5,"15":5,"16":5,"17":3,"18":3,"19":3,"20":3,"21":3,"22":2,"23":3,"24":3,"25":5,"26":5,"27":5,"28":4,"29":4,"30":1,"31":1,"32":1,"33":1,"34":1,"35":1,"36":2,"37":2,"38":2,"39":2,"40":2,"41":1,"42":1,"43":1,"44":1,"45":1,"46":1,"47":1,"48":1},"branchMap":{"0":{"type":"branch","line":14,"loc":{"start":{"line":14,"column":45},"end":{"line":46,"column":2}},"locations":[{"start":{"line":14,"column":45},"end":{"line":46,"column":2}}]},"1":{"type":"branch","line":28,"loc":{"start":{"line":28,"column":9},"end":{"line":28,"column":36}},"locations":[{"start":{"line":28,"column":9},"end":{"line":28,"column":36}}]},"2":{"type":"branch","line":28,"loc":{"start":{"line":28,"column":36},"end":{"line":30,"column":5}},"locations":[{"start":{"line":28,"column":36},"end":{"line":30,"column":5}}]},"3":{"type":"branch","line":30,"loc":{"start":{"line":30,"column":4},"end":{"line":46,"column":2}},"locations":[{"start":{"line":30,"column":4},"end":{"line":46,"column":2}}]},"4":{"type":"branch","line":17,"loc":{"start":{"line":17,"column":14},"end":{"line":26,"column":7}},"locations":[{"start":{"line":17,"column":14},"end":{"line":26,"column":7}}]},"5":{"type":"branch","line":21,"loc":{"start":{"line":21,"column":18},"end":{"line":21,"column":47}},"locations":[{"start":{"line":21,"column":18},"end":{"line":21,"column":47}}]},"6":{"type":"branch","line":22,"loc":{"start":{"line":22,"column":18},"end":{"line":24,"column":13}},"locations":[{"start":{"line":22,"column":18},"end":{"line":24,"column":13}}]},"7":{"type":"branch","line":25,"loc":{"start":{"line":25,"column":19},"end":{"line":25,"column":50}},"locations":[{"start":{"line":25,"column":19},"end":{"line":25,"column":50}}]},"8":{"type":"branch","line":36,"loc":{"start":{"line":36,"column":26},"end":{"line":42,"column":17}},"locations":[{"start":{"line":36,"column":26},"end":{"line":42,"column":17}}]}},"b":{"0":[5],"1":[4],"2":[4],"3":[1],"4":[3],"5":[2],"6":[2],"7":[1],"8":[2]},"fnMap":{"0":{"name":"FileListComponent","decl":{"start":{"line":14,"column":45},"end":{"line":46,"column":2}},"loc":{"start":{"line":14,"column":45},"end":{"line":46,"column":2}},"line":14},"1":{"name":"propCompare","decl":{"start":{"line":48,"column":20},"end":{"line":48,"column":106}},"loc":{"start":{"line":48,"column":20},"end":{"line":48,"column":106}},"line":48}},"f":{"0":5,"1":0}}
,"/Users/istvanlovas/WebstormProjects/frontend-task-boilerplate-main/src/client/FileUploader/FileUploader.stories.ts": {"path":"/Users/istvanlovas/WebstormProjects/frontend-task-boilerplate-main/src/client/FileUploader/FileUploader.stories.ts","all":true,"statementMap":{"0":{"start":{"line":1,"column":0},"end":{"line":1,"column":60}},"1":{"start":{"line":2,"column":0},"end":{"line":2,"column":37}},"2":{"start":{"line":3,"column":0},"end":{"line":3,"column":0}},"3":{"start":{"line":4,"column":0},"end":{"line":4,"column":39}},"4":{"start":{"line":5,"column":0},"end":{"line":5,"column":0}},"5":{"start":{"line":6,"column":0},"end":{"line":6,"column":97}},"6":{"start":{"line":7,"column":0},"end":{"line":7,"column":14}},"7":{"start":{"line":8,"column":0},"end":{"line":8,"column":26}},"8":{"start":{"line":9,"column":0},"end":{"line":9,"column":28}},"9":{"start":{"line":10,"column":0},"end":{"line":10,"column":17}},"10":{"start":{"line":11,"column":0},"end":{"line":11,"column":132}},"11":{"start":{"line":12,"column":0},"end":{"line":12,"column":27}},"12":{"start":{"line":13,"column":0},"end":{"line":13,"column":6}},"13":{"start":{"line":14,"column":0},"end":{"line":14,"column":126}},"14":{"start":{"line":15,"column":0},"end":{"line":15,"column":23}},"15":{"start":{"line":16,"column":0},"end":{"line":16,"column":67}},"16":{"start":{"line":17,"column":0},"end":{"line":17,"column":17}},"17":{"start":{"line":18,"column":0},"end":{"line":18,"column":156}},"18":{"start":{"line":19,"column":0},"end":{"line":19,"column":11}},"19":{"start":{"line":20,"column":0},"end":{"line":20,"column":30}},"20":{"start":{"line":21,"column":0},"end":{"line":21,"column":33}},"21":{"start":{"line":22,"column":0},"end":{"line":22,"column":25}},"22":{"start":{"line":23,"column":0},"end":{"line":23,"column":6}},"23":{"start":{"line":24,"column":0},"end":{"line":24,"column":38}},"24":{"start":{"line":25,"column":0},"end":{"line":25,"column":0}},"25":{"start":{"line":26,"column":0},"end":{"line":26,"column":20}},"26":{"start":{"line":27,"column":0},"end":{"line":27,"column":35}},"27":{"start":{"line":28,"column":0},"end":{"line":28,"column":0}},"28":{"start":{"line":29,"column":0},"end":{"line":29,"column":88}},"29":{"start":{"line":30,"column":0},"end":{"line":30,"column":38}},"30":{"start":{"line":31,"column":0},"end":{"line":31,"column":11}},"31":{"start":{"line":32,"column":0},"end":{"line":32,"column":27}},"32":{"start":{"line":33,"column":0},"end":{"line":33,"column":28}},"33":{"start":{"line":34,"column":0},"end":{"line":34,"column":39}},"34":{"start":{"line":35,"column":0},"end":{"line":35,"column":47}},"35":{"start":{"line":36,"column":0},"end":{"line":36,"column":10}},"36":{"start":{"line":37,"column":0},"end":{"line":37,"column":32}},"37":{"start":{"line":38,"column":0},"end":{"line":38,"column":53}},"38":{"start":{"line":39,"column":0},"end":{"line":39,"column":10}},"39":{"start":{"line":40,"column":0},"end":{"line":40,"column":37}},"40":{"start":{"line":41,"column":0},"end":{"line":41,"column":45}},"41":{"start":{"line":42,"column":0},"end":{"line":42,"column":10}},"42":{"start":{"line":43,"column":0},"end":{"line":43,"column":6}},"43":{"start":{"line":44,"column":0},"end":{"line":44,"column":2}},"44":{"start":{"line":45,"column":0},"end":{"line":45,"column":0}},"45":{"start":{"line":46,"column":0},"end":{"line":46,"column":36}},"46":{"start":{"line":47,"column":0},"end":{"line":47,"column":11}},"47":{"start":{"line":48,"column":0},"end":{"line":48,"column":39}},"48":{"start":{"line":49,"column":0},"end":{"line":49,"column":47}},"49":{"start":{"line":50,"column":0},"end":{"line":50,"column":10}},"50":{"start":{"line":51,"column":0},"end":{"line":51,"column":32}},"51":{"start":{"line":52,"column":0},"end":{"line":52,"column":53}},"52":{"start":{"line":53,"column":0},"end":{"line":53,"column":10}},"53":{"start":{"line":54,"column":0},"end":{"line":54,"column":37}},"54":{"start":{"line":55,"column":0},"end":{"line":55,"column":45}},"55":{"start":{"line":56,"column":0},"end":{"line":56,"column":10}},"56":{"start":{"line":57,"column":0},"end":{"line":57,"column":6}},"57":{"start":{"line":58,"column":0},"end":{"line":58,"column":2}}},"s":{"0":0,"1":0,"2":0,"3":0,"4":0,"5":0,"6":0,"7":0,"8":0,"9":0,"10":0,"11":0,"12":0,"13":0,"14":0,"15":0,"16":0,"17":0,"18":0,"19":0,"20":0,"21":0,"22":0,"23":0,"24":0,"25":0,"26":0,"27":0,"28":0,"29":0,"30":0,"31":0,"32":0,"33":0,"34":0,"35":0,"36":0,"37":0,"38":0,"39":0,"40":0,"41":0,"42":0,"43":0,"44":0,"45":0,"46":0,"47":0,"48":0,"49":0,"50":0,"51":0,"52":0,"53":0,"54":0,"55":0,"56":0,"57":0},"branchMap":{"0":{"type":"branch","line":1,"loc":{"start":{"line":1,"column":1948},"end":{"line":58,"column":2}},"locations":[{"start":{"line":1,"column":1948},"end":{"line":58,"column":2}}]}},"b":{"0":[0]},"fnMap":{"0":{"name":"(empty-report)","decl":{"start":{"line":1,"column":1948},"end":{"line":58,"column":2}},"loc":{"start":{"line":1,"column":1948},"end":{"line":58,"column":2}},"line":1}},"f":{"0":0}}
,"/Users/istvanlovas/WebstormProjects/frontend-task-boilerplate-main/src/client/FileUploader/index.tsx": {"path":"/Users/istvanlovas/WebstormProjects/frontend-task-boilerplate-main/src/client/FileUploader/index.tsx","all":false,"statementMap":{"0":{"start":{"line":1,"column":0},"end":{"line":1,"column":37}},"1":{"start":{"line":2,"column":0},"end":{"line":2,"column":93}},"2":{"start":{"line":3,"column":0},"end":{"line":3,"column":0}},"3":{"start":{"line":4,"column":0},"end":{"line":4,"column":34}},"4":{"start":{"line":5,"column":0},"end":{"line":5,"column":40}},"5":{"start":{"line":6,"column":0},"end":{"line":6,"column":40}},"6":{"start":{"line":7,"column":0},"end":{"line":7,"column":44}},"7":{"start":{"line":8,"column":0},"end":{"line":8,"column":66}},"8":{"start":{"line":9,"column":0},"end":{"line":9,"column":82}},"9":{"start":{"line":10,"column":0},"end":{"line":10,"column":35}},"10":{"start":{"line":11,"column":0},"end":{"line":11,"column":81}},"11":{"start":{"line":12,"column":0},"end":{"line":12,"column":0}},"12":{"start":{"line":13,"column":0},"end":{"line":13,"column":29}},"13":{"start":{"line":14,"column":0},"end":{"line":14,"column":33}},"14":{"start":{"line":15,"column":0},"end":{"line":15,"column":23}},"15":{"start":{"line":16,"column":0},"end":{"line":16,"column":23}},"16":{"start":{"line":17,"column":0},"end":{"line":17,"column":29}},"17":{"start":{"line":18,"column":0},"end":{"line":18,"column":25}},"18":{"start":{"line":19,"column":0},"end":{"line":19,"column":33}},"19":{"start":{"line":20,"column":0},"end":{"line":20,"column":40}},"20":{"start":{"line":21,"column":0},"end":{"line":21,"column":33}},"21":{"start":{"line":22,"column":0},"end":{"line":22,"column":38}},"22":{"start":{"line":23,"column":0},"end":{"line":23,"column":1}},"23":{"start":{"line":24,"column":0},"end":{"line":24,"column":0}},"24":{"start":{"line":25,"column":0},"end":{"line":25,"column":23}},"25":{"start":{"line":26,"column":0},"end":{"line":26,"column":32}},"26":{"start":{"line":27,"column":0},"end":{"line":27,"column":30}},"27":{"start":{"line":28,"column":0},"end":{"line":28,"column":2}},"28":{"start":{"line":29,"column":0},"end":{"line":29,"column":0}},"29":{"start":{"line":30,"column":0},"end":{"line":30,"column":55}},"30":{"start":{"line":31,"column":0},"end":{"line":31,"column":71}},"31":{"start":{"line":32,"column":0},"end":{"line":32,"column":14}},"32":{"start":{"line":33,"column":0},"end":{"line":33,"column":25}},"33":{"start":{"line":34,"column":0},"end":{"line":34,"column":45}},"34":{"start":{"line":35,"column":0},"end":{"line":35,"column":32}},"35":{"start":{"line":36,"column":0},"end":{"line":36,"column":30}},"36":{"start":{"line":37,"column":0},"end":{"line":37,"column":17}},"37":{"start":{"line":38,"column":0},"end":{"line":38,"column":20}},"38":{"start":{"line":39,"column":0},"end":{"line":39,"column":12}},"39":{"start":{"line":40,"column":0},"end":{"line":40,"column":7}},"40":{"start":{"line":41,"column":0},"end":{"line":41,"column":57}},"41":{"start":{"line":42,"column":0},"end":{"line":42,"column":61}},"42":{"start":{"line":43,"column":0},"end":{"line":43,"column":59}},"43":{"start":{"line":44,"column":0},"end":{"line":44,"column":89}},"44":{"start":{"line":45,"column":0},"end":{"line":45,"column":95}},"45":{"start":{"line":46,"column":0},"end":{"line":46,"column":78}},"46":{"start":{"line":47,"column":0},"end":{"line":47,"column":0}},"47":{"start":{"line":48,"column":0},"end":{"line":48,"column":79}},"48":{"start":{"line":49,"column":0},"end":{"line":49,"column":11}},"49":{"start":{"line":50,"column":0},"end":{"line":50,"column":28}},"50":{"start":{"line":51,"column":0},"end":{"line":51,"column":40}},"51":{"start":{"line":52,"column":0},"end":{"line":52,"column":45}},"52":{"start":{"line":53,"column":0},"end":{"line":53,"column":57}},"53":{"start":{"line":54,"column":0},"end":{"line":54,"column":0}},"54":{"start":{"line":55,"column":0},"end":{"line":55,"column":21}},"55":{"start":{"line":56,"column":0},"end":{"line":56,"column":59}},"56":{"start":{"line":57,"column":0},"end":{"line":57,"column":37}},"57":{"start":{"line":58,"column":0},"end":{"line":58,"column":0}},"58":{"start":{"line":59,"column":0},"end":{"line":59,"column":33}},"59":{"start":{"line":60,"column":0},"end":{"line":60,"column":26}},"60":{"start":{"line":61,"column":0},"end":{"line":61,"column":28}},"61":{"start":{"line":62,"column":0},"end":{"line":62,"column":6}},"62":{"start":{"line":63,"column":0},"end":{"line":63,"column":71}},"63":{"start":{"line":64,"column":0},"end":{"line":64,"column":39}},"64":{"start":{"line":65,"column":0},"end":{"line":65,"column":32}},"65":{"start":{"line":66,"column":0},"end":{"line":66,"column":0}},"66":{"start":{"line":67,"column":0},"end":{"line":67,"column":24}},"67":{"start":{"line":68,"column":0},"end":{"line":68,"column":25}},"68":{"start":{"line":69,"column":0},"end":{"line":69,"column":44}},"69":{"start":{"line":70,"column":0},"end":{"line":70,"column":40}},"70":{"start":{"line":71,"column":0},"end":{"line":71,"column":34}},"71":{"start":{"line":72,"column":0},"end":{"line":72,"column":0}},"72":{"start":{"line":73,"column":0},"end":{"line":73,"column":51}},"73":{"start":{"line":74,"column":0},"end":{"line":74,"column":0}},"74":{"start":{"line":75,"column":0},"end":{"line":75,"column":19}},"75":{"start":{"line":76,"column":0},"end":{"line":76,"column":116}},"76":{"start":{"line":77,"column":0},"end":{"line":77,"column":0}},"77":{"start":{"line":78,"column":0},"end":{"line":78,"column":26}},"78":{"start":{"line":79,"column":0},"end":{"line":79,"column":30}},"79":{"start":{"line":80,"column":0},"end":{"line":80,"column":20}},"80":{"start":{"line":81,"column":0},"end":{"line":81,"column":63}},"81":{"start":{"line":82,"column":0},"end":{"line":82,"column":34}},"82":{"start":{"line":83,"column":0},"end":{"line":83,"column":0}},"83":{"start":{"line":84,"column":0},"end":{"line":84,"column":44}},"84":{"start":{"line":85,"column":0},"end":{"line":85,"column":13}},"85":{"start":{"line":86,"column":0},"end":{"line":86,"column":9}},"86":{"start":{"line":87,"column":0},"end":{"line":87,"column":6}},"87":{"start":{"line":88,"column":0},"end":{"line":88,"column":0}},"88":{"start":{"line":89,"column":0},"end":{"line":89,"column":81}},"89":{"start":{"line":90,"column":0},"end":{"line":90,"column":31}},"90":{"start":{"line":91,"column":0},"end":{"line":91,"column":25}},"91":{"start":{"line":92,"column":0},"end":{"line":92,"column":0}},"92":{"start":{"line":93,"column":0},"end":{"line":93,"column":19}},"93":{"start":{"line":94,"column":0},"end":{"line":94,"column":31}},"94":{"start":{"line":95,"column":0},"end":{"line":95,"column":0}},"95":{"start":{"line":96,"column":0},"end":{"line":96,"column":43}},"96":{"start":{"line":97,"column":0},"end":{"line":97,"column":49}},"97":{"start":{"line":98,"column":0},"end":{"line":98,"column":28}},"98":{"start":{"line":99,"column":0},"end":{"line":99,"column":9}},"99":{"start":{"line":100,"column":0},"end":{"line":100,"column":0}},"100":{"start":{"line":101,"column":0},"end":{"line":101,"column":47}},"101":{"start":{"line":102,"column":0},"end":{"line":102,"column":57}},"102":{"start":{"line":103,"column":0},"end":{"line":103,"column":6}},"103":{"start":{"line":104,"column":0},"end":{"line":104,"column":0}},"104":{"start":{"line":105,"column":0},"end":{"line":105,"column":80}},"105":{"start":{"line":106,"column":0},"end":{"line":106,"column":31}},"106":{"start":{"line":107,"column":0},"end":{"line":107,"column":25}},"107":{"start":{"line":108,"column":0},"end":{"line":108,"column":43}},"108":{"start":{"line":109,"column":0},"end":{"line":109,"column":0}},"109":{"start":{"line":110,"column":0},"end":{"line":110,"column":32}},"110":{"start":{"line":111,"column":0},"end":{"line":111,"column":47}},"111":{"start":{"line":112,"column":0},"end":{"line":112,"column":0}},"112":{"start":{"line":113,"column":0},"end":{"line":113,"column":43}},"113":{"start":{"line":114,"column":0},"end":{"line":114,"column":49}},"114":{"start":{"line":115,"column":0},"end":{"line":115,"column":28}},"115":{"start":{"line":116,"column":0},"end":{"line":116,"column":9}},"116":{"start":{"line":117,"column":0},"end":{"line":117,"column":0}},"117":{"start":{"line":118,"column":0},"end":{"line":118,"column":57}},"118":{"start":{"line":119,"column":0},"end":{"line":119,"column":67}},"119":{"start":{"line":120,"column":0},"end":{"line":120,"column":6}},"120":{"start":{"line":121,"column":0},"end":{"line":121,"column":0}},"121":{"start":{"line":122,"column":0},"end":{"line":122,"column":12}},"122":{"start":{"line":123,"column":0},"end":{"line":123,"column":115}},"123":{"start":{"line":124,"column":0},"end":{"line":124,"column":49}},"124":{"start":{"line":125,"column":0},"end":{"line":125,"column":95}},"125":{"start":{"line":126,"column":0},"end":{"line":126,"column":14}},"126":{"start":{"line":127,"column":0},"end":{"line":127,"column":34}},"127":{"start":{"line":128,"column":0},"end":{"line":128,"column":51}},"128":{"start":{"line":129,"column":0},"end":{"line":129,"column":72}},"129":{"start":{"line":130,"column":0},"end":{"line":130,"column":41}},"130":{"start":{"line":131,"column":0},"end":{"line":131,"column":28}},"131":{"start":{"line":132,"column":0},"end":{"line":132,"column":21}},"132":{"start":{"line":133,"column":0},"end":{"line":133,"column":99}},"133":{"start":{"line":134,"column":0},"end":{"line":134,"column":55}},"134":{"start":{"line":135,"column":0},"end":{"line":135,"column":18}},"135":{"start":{"line":136,"column":0},"end":{"line":136,"column":19}},"136":{"start":{"line":137,"column":0},"end":{"line":137,"column":102}},"137":{"start":{"line":138,"column":0},"end":{"line":138,"column":34}},"138":{"start":{"line":139,"column":0},"end":{"line":139,"column":13}},"139":{"start":{"line":140,"column":0},"end":{"line":140,"column":29}},"140":{"start":{"line":141,"column":0},"end":{"line":141,"column":21}},"141":{"start":{"line":142,"column":0},"end":{"line":142,"column":41}},"142":{"start":{"line":143,"column":0},"end":{"line":143,"column":107}},"143":{"start":{"line":144,"column":0},"end":{"line":144,"column":36}},"144":{"start":{"line":145,"column":0},"end":{"line":145,"column":22}},"145":{"start":{"line":146,"column":0},"end":{"line":146,"column":14}},"146":{"start":{"line":147,"column":0},"end":{"line":147,"column":18}},"147":{"start":{"line":148,"column":0},"end":{"line":148,"column":6}},"148":{"start":{"line":149,"column":0},"end":{"line":149,"column":2}},"149":{"start":{"line":150,"column":0},"end":{"line":150,"column":0}},"150":{"start":{"line":151,"column":0},"end":{"line":151,"column":114}},"151":{"start":{"line":152,"column":0},"end":{"line":152,"column":69}}},"s":{"0":1,"1":1,"2":1,"3":1,"4":1,"5":1,"6":1,"7":1,"8":1,"9":1,"10":1,"11":1,"12":1,"13":1,"14":1,"15":1,"16":1,"17":1,"18":1,"19":1,"20":1,"21":1,"22":1,"23":1,"24":1,"25":1,"26":1,"27":1,"28":1,"29":1,"30":39,"31":39,"32":39,"33":39,"34":39,"35":39,"36":39,"37":39,"38":39,"39":39,"40":39,"41":39,"42":39,"43":39,"44":39,"45":39,"46":39,"47":39,"48":39,"49":39,"50":39,"51":39,"52":39,"53":39,"54":39,"55":12,"56":39,"57":39,"58":39,"59":11,"60":11,"61":11,"62":39,"63":7,"64":7,"65":7,"66":7,"67":7,"68":7,"69":7,"70":7,"71":7,"72":7,"73":7,"74":7,"75":7,"76":7,"77":7,"78":6,"79":7,"80":1,"81":1,"82":1,"83":1,"84":1,"85":7,"86":7,"87":39,"88":39,"89":2,"90":2,"91":2,"92":2,"93":2,"94":2,"95":2,"96":2,"97":2,"98":2,"99":2,"100":2,"101":2,"102":2,"103":39,"104":39,"105":2,"106":2,"107":2,"108":2,"109":2,"110":2,"111":2,"112":2,"113":2,"114":2,"115":2,"116":2,"117":2,"118":2,"119":2,"120":39,"121":39,"122":39,"123":39,"124":16,"125":39,"126":39,"127":39,"128":39,"129":39,"130":39,"131":39,"132":39,"133":39,"134":39,"135":39,"136":39,"137":39,"138":39,"139":39,"140":39,"141":39,"142":4,"143":4,"144":4,"145":39,"146":39,"147":39,"148":39,"149":1,"150":1,"151":1},"branchMap":{"0":{"type":"branch","line":30,"loc":{"start":{"line":30,"column":53},"end":{"line":149,"column":2}},"locations":[{"start":{"line":30,"column":53},"end":{"line":149,"column":2}}]},"1":{"type":"branch","line":124,"loc":{"start":{"line":124,"column":13},"end":{"line":124,"column":49}},"locations":[{"start":{"line":124,"column":13},"end":{"line":124,"column":49}}]},"2":{"type":"branch","line":124,"loc":{"start":{"line":124,"column":35},"end":{"line":125,"column":95}},"locations":[{"start":{"line":124,"column":35},"end":{"line":125,"column":95}}]},"3":{"type":"branch","line":134,"loc":{"start":{"line":134,"column":19},"end":{"line":134,"column":55}},"locations":[{"start":{"line":134,"column":19},"end":{"line":134,"column":55}}]},"4":{"type":"branch","line":142,"loc":{"start":{"line":142,"column":13},"end":{"line":145,"column":22}},"locations":[{"start":{"line":142,"column":13},"end":{"line":145,"column":22}}]},"5":{"type":"branch","line":55,"loc":{"start":{"line":55,"column":14},"end":{"line":57,"column":7}},"locations":[{"start":{"line":55,"column":14},"end":{"line":57,"column":7}}]},"6":{"type":"branch","line":59,"loc":{"start":{"line":59,"column":26},"end":{"line":62,"column":6}},"locations":[{"start":{"line":59,"column":26},"end":{"line":62,"column":6}}]},"7":{"type":"branch","line":63,"loc":{"start":{"line":63,"column":28},"end":{"line":87,"column":6}},"locations":[{"start":{"line":63,"column":28},"end":{"line":87,"column":6}}]},"8":{"type":"branch","line":73,"loc":{"start":{"line":73,"column":8},"end":{"line":73,"column":32}},"locations":[{"start":{"line":73,"column":8},"end":{"line":73,"column":32}}]},"9":{"type":"branch","line":73,"loc":{"start":{"line":73,"column":24},"end":{"line":73,"column":51}},"locations":[{"start":{"line":73,"column":24},"end":{"line":73,"column":51}}]},"10":{"type":"branch","line":76,"loc":{"start":{"line":76,"column":75},"end":{"line":76,"column":116}},"locations":[{"start":{"line":76,"column":75},"end":{"line":76,"column":116}}]},"11":{"type":"branch","line":78,"loc":{"start":{"line":78,"column":25},"end":{"line":80,"column":19}},"locations":[{"start":{"line":78,"column":25},"end":{"line":80,"column":19}}]},"12":{"type":"branch","line":80,"loc":{"start":{"line":80,"column":12},"end":{"line":85,"column":13}},"locations":[{"start":{"line":80,"column":12},"end":{"line":85,"column":13}}]},"13":{"type":"branch","line":89,"loc":{"start":{"line":89,"column":34},"end":{"line":103,"column":6}},"locations":[{"start":{"line":89,"column":34},"end":{"line":103,"column":6}}]},"14":{"type":"branch","line":97,"loc":{"start":{"line":97,"column":12},"end":{"line":97,"column":49}},"locations":[{"start":{"line":97,"column":12},"end":{"line":97,"column":49}}]},"15":{"type":"branch","line":101,"loc":{"start":{"line":101,"column":8},"end":{"line":101,"column":47}},"locations":[{"start":{"line":101,"column":8},"end":{"line":101,"column":47}}]},"16":{"type":"branch","line":102,"loc":{"start":{"line":102,"column":8},"end":{"line":102,"column":35}},"locations":[{"start":{"line":102,"column":8},"end":{"line":102,"column":35}}]},"17":{"type":"branch","line":102,"loc":{"start":{"line":102,"column":19},"end":{"line":102,"column":57}},"locations":[{"start":{"line":102,"column":19},"end":{"line":102,"column":57}}]},"18":{"type":"branch","line":105,"loc":{"start":{"line":105,"column":33},"end":{"line":120,"column":6}},"locations":[{"start":{"line":105,"column":33},"end":{"line":120,"column":6}}]},"19":{"type":"branch","line":114,"loc":{"start":{"line":114,"column":12},"end":{"line":114,"column":49}},"locations":[{"start":{"line":114,"column":12},"end":{"line":114,"column":49}}]},"20":{"type":"branch","line":118,"loc":{"start":{"line":118,"column":8},"end":{"line":118,"column":57}},"locations":[{"start":{"line":118,"column":8},"end":{"line":118,"column":57}}]},"21":{"type":"branch","line":119,"loc":{"start":{"line":119,"column":8},"end":{"line":119,"column":40}},"locations":[{"start":{"line":119,"column":8},"end":{"line":119,"column":40}}]},"22":{"type":"branch","line":119,"loc":{"start":{"line":119,"column":19},"end":{"line":119,"column":67}},"locations":[{"start":{"line":119,"column":19},"end":{"line":119,"column":67}}]},"23":{"type":"branch","line":137,"loc":{"start":{"line":137,"column":30},"end":{"line":137,"column":102}},"locations":[{"start":{"line":137,"column":30},"end":{"line":137,"column":102}}]},"24":{"type":"branch","line":137,"loc":{"start":{"line":137,"column":38},"end":{"line":137,"column":76}},"locations":[{"start":{"line":137,"column":38},"end":{"line":137,"column":76}}]},"25":{"type":"branch","line":137,"loc":{"start":{"line":137,"column":72},"end":{"line":137,"column":102}},"locations":[{"start":{"line":137,"column":72},"end":{"line":137,"column":102}}]},"26":{"type":"branch","line":151,"loc":{"start":{"line":151,"column":20},"end":{"line":151,"column":114}},"locations":[{"start":{"line":151,"column":20},"end":{"line":151,"column":114}}]}},"b":{"0":[39],"1":[37],"2":[16],"3":[3],"4":[4],"5":[12],"6":[11],"7":[7],"8":[1],"9":[1],"10":[6],"11":[6],"12":[1],"13":[2],"14":[1],"15":[1],"16":[1],"17":[1],"18":[2],"19":[1],"20":[1],"21":[1],"22":[1],"23":[4],"24":[2],"25":[2],"26":[2]},"fnMap":{"0":{"name":"FileUploaderComponent","decl":{"start":{"line":30,"column":53},"end":{"line":149,"column":2}},"loc":{"start":{"line":30,"column":53},"end":{"line":149,"column":2}},"line":30},"1":{"name":"cleanUpStates","decl":{"start":{"line":59,"column":26},"end":{"line":62,"column":6}},"loc":{"start":{"line":59,"column":26},"end":{"line":62,"column":6}},"line":59},"2":{"name":"onChangeHandler","decl":{"start":{"line":63,"column":28},"end":{"line":87,"column":6}},"loc":{"start":{"line":63,"column":28},"end":{"line":87,"column":6}},"line":63},"3":{"name":"uploadSingleFileEvent","decl":{"start":{"line":89,"column":34},"end":{"line":103,"column":6}},"loc":{"start":{"line":89,"column":34},"end":{"line":103,"column":6}},"line":89},"4":{"name":"uploadChunkFileEvent","decl":{"start":{"line":105,"column":33},"end":{"line":120,"column":6}},"loc":{"start":{"line":105,"column":33},"end":{"line":120,"column":6}},"line":105},"5":{"name":"onClickEvent","decl":{"start":{"line":137,"column":30},"end":{"line":137,"column":102}},"loc":{"start":{"line":137,"column":30},"end":{"line":137,"column":102}},"line":137},"6":{"name":"propCompare","decl":{"start":{"line":151,"column":20},"end":{"line":151,"column":114}},"loc":{"start":{"line":151,"column":20},"end":{"line":151,"column":114}},"line":151}},"f":{"0":39,"1":11,"2":7,"3":2,"4":2,"5":4,"6":2}}
,"/Users/istvanlovas/WebstormProjects/frontend-task-boilerplate-main/src/client/FileUploader/Button/index.tsx": {"path":"/Users/istvanlovas/WebstormProjects/frontend-task-boilerplate-main/src/client/FileUploader/Button/index.tsx","all":false,"statementMap":{"0":{"start":{"line":1,"column":0},"end":{"line":1,"column":48}},"1":{"start":{"line":2,"column":0},"end":{"line":2,"column":0}},"2":{"start":{"line":3,"column":0},"end":{"line":3,"column":23}},"3":{"start":{"line":4,"column":0},"end":{"line":4,"column":21}},"4":{"start":{"line":5,"column":0},"end":{"line":5,"column":59}},"5":{"start":{"line":6,"column":0},"end":{"line":6,"column":23}},"6":{"start":{"line":7,"column":0},"end":{"line":7,"column":1}},"7":{"start":{"line":8,"column":0},"end":{"line":8,"column":82}},"8":{"start":{"line":9,"column":0},"end":{"line":9,"column":90}},"9":{"start":{"line":10,"column":0},"end":{"line":10,"column":31}},"10":{"start":{"line":11,"column":0},"end":{"line":11,"column":62}},"11":{"start":{"line":12,"column":0},"end":{"line":12,"column":77}},"12":{"start":{"line":13,"column":0},"end":{"line":13,"column":0}},"13":{"start":{"line":14,"column":0},"end":{"line":14,"column":12}},"14":{"start":{"line":15,"column":0},"end":{"line":15,"column":14}},"15":{"start":{"line":16,"column":0},"end":{"line":16,"column":34}},"16":{"start":{"line":17,"column":0},"end":{"line":17,"column":25}},"17":{"start":{"line":18,"column":0},"end":{"line":18,"column":44}},"18":{"start":{"line":19,"column":0},"end":{"line":19,"column":31}},"19":{"start":{"line":20,"column":0},"end":{"line":20,"column":28}},"20":{"start":{"line":21,"column":0},"end":{"line":21,"column":33}},"21":{"start":{"line":22,"column":0},"end":{"line":22,"column":32}},"22":{"start":{"line":23,"column":0},"end":{"line":23,"column":10}},"23":{"start":{"line":24,"column":0},"end":{"line":24,"column":6}},"24":{"start":{"line":25,"column":0},"end":{"line":25,"column":2}}},"s":{"0":1,"1":1,"2":1,"3":1,"4":1,"5":1,"6":1,"7":1,"8":41,"9":41,"10":5,"11":36,"12":41,"13":41,"14":41,"15":41,"16":41,"17":41,"18":41,"19":41,"20":41,"21":41,"22":41,"23":41,"24":41},"branchMap":{"0":{"type":"branch","line":8,"loc":{"start":{"line":8,"column":39},"end":{"line":25,"column":2}},"locations":[{"start":{"line":8,"column":39},"end":{"line":25,"column":2}}]},"1":{"type":"branch","line":10,"loc":{"start":{"line":10,"column":23},"end":{"line":11,"column":62}},"locations":[{"start":{"line":10,"column":23},"end":{"line":11,"column":62}}]},"2":{"type":"branch","line":11,"loc":{"start":{"line":11,"column":29},"end":{"line":12,"column":77}},"locations":[{"start":{"line":11,"column":29},"end":{"line":12,"column":77}}]},"3":{"type":"branch","line":18,"loc":{"start":{"line":18,"column":21},"end":{"line":18,"column":44}},"locations":[{"start":{"line":18,"column":21},"end":{"line":18,"column":44}}]}},"b":{"0":[41],"1":[5],"2":[36],"3":[5]},"fnMap":{"0":{"name":"Button","decl":{"start":{"line":8,"column":39},"end":{"line":25,"column":2}},"loc":{"start":{"line":8,"column":39},"end":{"line":25,"column":2}},"line":8},"1":{"name":"onClick","decl":{"start":{"line":18,"column":21},"end":{"line":18,"column":44}},"loc":{"start":{"line":18,"column":21},"end":{"line":18,"column":44}},"line":18}},"f":{"0":41,"1":5}}
,"/Users/istvanlovas/WebstormProjects/frontend-task-boilerplate-main/src/client/FileUploader/ErrorText/index.tsx": {"path":"/Users/istvanlovas/WebstormProjects/frontend-task-boilerplate-main/src/client/FileUploader/ErrorText/index.tsx","all":false,"statementMap":{"0":{"start":{"line":1,"column":0},"end":{"line":1,"column":32}},"1":{"start":{"line":2,"column":0},"end":{"line":2,"column":0}},"2":{"start":{"line":3,"column":0},"end":{"line":3,"column":26}},"3":{"start":{"line":4,"column":0},"end":{"line":4,"column":17}},"4":{"start":{"line":5,"column":0},"end":{"line":5,"column":1}},"5":{"start":{"line":6,"column":0},"end":{"line":6,"column":60}},"6":{"start":{"line":7,"column":0},"end":{"line":7,"column":101}},"7":{"start":{"line":8,"column":0},"end":{"line":8,"column":14}},"8":{"start":{"line":9,"column":0},"end":{"line":9,"column":10}},"9":{"start":{"line":10,"column":0},"end":{"line":10,"column":2}}},"s":{"0":1,"1":1,"2":1,"3":1,"4":1,"5":1,"6":4,"7":4,"8":4,"9":1},"branchMap":{"0":{"type":"branch","line":6,"loc":{"start":{"line":6,"column":45},"end":{"line":9,"column":10}},"locations":[{"start":{"line":6,"column":45},"end":{"line":9,"column":10}}]}},"b":{"0":[4]},"fnMap":{"0":{"name":"ErrorText","decl":{"start":{"line":6,"column":45},"end":{"line":9,"column":10}},"loc":{"start":{"line":6,"column":45},"end":{"line":9,"column":10}},"line":6}},"f":{"0":4}}
,"/Users/istvanlovas/WebstormProjects/frontend-task-boilerplate-main/src/client/FileUploader/FileInput/index.tsx": {"path":"/Users/istvanlovas/WebstormProjects/frontend-task-boilerplate-main/src/client/FileUploader/FileInput/index.tsx","all":false,"statementMap":{"0":{"start":{"line":1,"column":0},"end":{"line":1,"column":50}},"1":{"start":{"line":2,"column":0},"end":{"line":2,"column":0}},"2":{"start":{"line":3,"column":0},"end":{"line":3,"column":26}},"3":{"start":{"line":4,"column":0},"end":{"line":4,"column":15}},"4":{"start":{"line":5,"column":0},"end":{"line":5,"column":57}},"5":{"start":{"line":6,"column":0},"end":{"line":6,"column":18}},"6":{"start":{"line":7,"column":0},"end":{"line":7,"column":1}},"7":{"start":{"line":8,"column":0},"end":{"line":8,"column":75}},"8":{"start":{"line":9,"column":0},"end":{"line":9,"column":10}},"9":{"start":{"line":10,"column":0},"end":{"line":10,"column":160}},"10":{"start":{"line":11,"column":0},"end":{"line":11,"column":15}},"11":{"start":{"line":12,"column":0},"end":{"line":12,"column":19}},"12":{"start":{"line":13,"column":0},"end":{"line":13,"column":27}},"13":{"start":{"line":14,"column":0},"end":{"line":14,"column":31}},"14":{"start":{"line":15,"column":0},"end":{"line":15,"column":31}},"15":{"start":{"line":16,"column":0},"end":{"line":16,"column":6}},"16":{"start":{"line":17,"column":0},"end":{"line":17,"column":2}}},"s":{"0":1,"1":1,"2":1,"3":1,"4":1,"5":1,"6":1,"7":1,"8":40,"9":40,"10":40,"11":40,"12":40,"13":40,"14":40,"15":40,"16":1},"branchMap":{"0":{"type":"branch","line":8,"loc":{"start":{"line":8,"column":45},"end":{"line":16,"column":6}},"locations":[{"start":{"line":8,"column":45},"end":{"line":16,"column":6}}]}},"b":{"0":[40]},"fnMap":{"0":{"name":"FileInput","decl":{"start":{"line":8,"column":45},"end":{"line":16,"column":6}},"loc":{"start":{"line":8,"column":45},"end":{"line":16,"column":6}},"line":8}},"f":{"0":40}}
,"/Users/istvanlovas/WebstormProjects/frontend-task-boilerplate-main/src/client/FileUploader/ProgressBar/index.tsx": {"path":"/Users/istvanlovas/WebstormProjects/frontend-task-boilerplate-main/src/client/FileUploader/ProgressBar/index.tsx","all":false,"statementMap":{"0":{"start":{"line":1,"column":0},"end":{"line":1,"column":32}},"1":{"start":{"line":2,"column":0},"end":{"line":2,"column":0}},"2":{"start":{"line":3,"column":0},"end":{"line":3,"column":28}},"3":{"start":{"line":4,"column":0},"end":{"line":4,"column":18}},"4":{"start":{"line":5,"column":0},"end":{"line":5,"column":21}},"5":{"start":{"line":6,"column":0},"end":{"line":6,"column":1}},"6":{"start":{"line":7,"column":0},"end":{"line":7,"column":74}},"7":{"start":{"line":8,"column":0},"end":{"line":8,"column":8}},"8":{"start":{"line":9,"column":0},"end":{"line":9,"column":42}},"9":{"start":{"line":10,"column":0},"end":{"line":10,"column":69}},"10":{"start":{"line":11,"column":0},"end":{"line":11,"column":26}},"11":{"start":{"line":12,"column":0},"end":{"line":12,"column":26}},"12":{"start":{"line":13,"column":0},"end":{"line":13,"column":25}},"13":{"start":{"line":14,"column":0},"end":{"line":14,"column":27}},"14":{"start":{"line":15,"column":0},"end":{"line":15,"column":29}},"15":{"start":{"line":16,"column":0},"end":{"line":16,"column":5}},"16":{"start":{"line":17,"column":0},"end":{"line":17,"column":21}},"17":{"start":{"line":18,"column":0},"end":{"line":18,"column":16}},"18":{"start":{"line":19,"column":0},"end":{"line":19,"column":41}},"19":{"start":{"line":20,"column":0},"end":{"line":20,"column":161}},"20":{"start":{"line":21,"column":0},"end":{"line":21,"column":46}},"21":{"start":{"line":22,"column":0},"end":{"line":22,"column":14}},"22":{"start":{"line":23,"column":0},"end":{"line":23,"column":10}},"23":{"start":{"line":24,"column":0},"end":{"line":24,"column":10}},"24":{"start":{"line":25,"column":0},"end":{"line":25,"column":2}}},"s":{"0":1,"1":1,"2":1,"3":1,"4":1,"5":1,"6":1,"7":17,"8":17,"9":17,"10":17,"11":17,"12":17,"13":17,"14":17,"15":17,"16":17,"17":5,"18":5,"19":5,"20":5,"21":5,"22":17,"23":17,"24":1},"branchMap":{"0":{"type":"branch","line":7,"loc":{"start":{"line":7,"column":49},"end":{"line":24,"column":10}},"locations":[{"start":{"line":7,"column":49},"end":{"line":24,"column":10}}]},"1":{"type":"branch","line":17,"loc":{"start":{"line":17,"column":9},"end":{"line":22,"column":14}},"locations":[{"start":{"line":17,"column":9},"end":{"line":22,"column":14}}]}},"b":{"0":[17],"1":[5]},"fnMap":{"0":{"name":"ProgressBar","decl":{"start":{"line":7,"column":49},"end":{"line":24,"column":10}},"loc":{"start":{"line":7,"column":49},"end":{"line":24,"column":10}},"line":7}},"f":{"0":17}}
,"/Users/istvanlovas/WebstormProjects/frontend-task-boilerplate-main/src/client/FileUploader/hooks/useUploadSingleFile.ts": {"path":"/Users/istvanlovas/WebstormProjects/frontend-task-boilerplate-main/src/client/FileUploader/hooks/useUploadSingleFile.ts","all":false,"statementMap":{"0":{"start":{"line":1,"column":0},"end":{"line":1,"column":33}},"1":{"start":{"line":2,"column":0},"end":{"line":2,"column":0}},"2":{"start":{"line":3,"column":0},"end":{"line":3,"column":36}},"3":{"start":{"line":4,"column":0},"end":{"line":4,"column":0}},"4":{"start":{"line":5,"column":0},"end":{"line":5,"column":24}},"5":{"start":{"line":6,"column":0},"end":{"line":6,"column":42}},"6":{"start":{"line":7,"column":0},"end":{"line":7,"column":26}},"7":{"start":{"line":8,"column":0},"end":{"line":8,"column":1}},"8":{"start":{"line":9,"column":0},"end":{"line":9,"column":0}},"9":{"start":{"line":10,"column":0},"end":{"line":10,"column":70}},"10":{"start":{"line":11,"column":0},"end":{"line":11,"column":67}},"11":{"start":{"line":12,"column":0},"end":{"line":12,"column":56}},"12":{"start":{"line":13,"column":0},"end":{"line":13,"column":0}},"13":{"start":{"line":14,"column":0},"end":{"line":14,"column":57}},"14":{"start":{"line":15,"column":0},"end":{"line":15,"column":13}},"15":{"start":{"line":16,"column":0},"end":{"line":16,"column":44}},"16":{"start":{"line":17,"column":0},"end":{"line":17,"column":42}},"17":{"start":{"line":18,"column":0},"end":{"line":18,"column":0}},"18":{"start":{"line":19,"column":0},"end":{"line":19,"column":82}},"19":{"start":{"line":20,"column":0},"end":{"line":20,"column":0}},"20":{"start":{"line":21,"column":0},"end":{"line":21,"column":69}},"21":{"start":{"line":22,"column":0},"end":{"line":22,"column":26}},"22":{"start":{"line":23,"column":0},"end":{"line":23,"column":96}},"23":{"start":{"line":24,"column":0},"end":{"line":24,"column":35}},"24":{"start":{"line":25,"column":0},"end":{"line":25,"column":9}},"25":{"start":{"line":26,"column":0},"end":{"line":26,"column":6}},"26":{"start":{"line":27,"column":0},"end":{"line":27,"column":0}},"27":{"start":{"line":28,"column":0},"end":{"line":28,"column":60}},"28":{"start":{"line":29,"column":0},"end":{"line":29,"column":2}}},"s":{"0":1,"1":1,"2":1,"3":1,"4":1,"5":1,"6":1,"7":1,"8":1,"9":1,"10":1,"11":9,"12":9,"13":9,"14":4,"15":4,"16":4,"17":4,"18":4,"19":2,"20":4,"21":4,"22":2,"23":2,"24":2,"25":4,"26":9,"27":9,"28":9},"branchMap":{"0":{"type":"branch","line":11,"loc":{"start":{"line":11,"column":35},"end":{"line":29,"column":2}},"locations":[{"start":{"line":11,"column":35},"end":{"line":29,"column":2}}]},"1":{"type":"branch","line":14,"loc":{"start":{"line":14,"column":19},"end":{"line":26,"column":6}},"locations":[{"start":{"line":14,"column":19},"end":{"line":26,"column":6}}]},"2":{"type":"branch","line":19,"loc":{"start":{"line":19,"column":80},"end":{"line":21,"column":36}},"locations":[{"start":{"line":19,"column":80},"end":{"line":21,"column":36}}]},"3":{"type":"branch","line":21,"loc":{"start":{"line":21,"column":31},"end":{"line":21,"column":58}},"locations":[{"start":{"line":21,"column":31},"end":{"line":21,"column":58}}]},"4":{"type":"branch","line":21,"loc":{"start":{"line":21,"column":36},"end":{"line":21,"column":67}},"locations":[{"start":{"line":21,"column":36},"end":{"line":21,"column":67}}]},"5":{"type":"branch","line":22,"loc":{"start":{"line":22,"column":8},"end":{"line":25,"column":9}},"locations":[{"start":{"line":22,"column":8},"end":{"line":25,"column":9}}]},"6":{"type":"branch","line":23,"loc":{"start":{"line":23,"column":51},"end":{"line":23,"column":76}},"locations":[{"start":{"line":23,"column":51},"end":{"line":23,"column":76}}]},"7":{"type":"branch","line":23,"loc":{"start":{"line":23,"column":66},"end":{"line":23,"column":96}},"locations":[{"start":{"line":23,"column":66},"end":{"line":23,"column":96}}]},"8":{"type":"branch","line":28,"loc":{"start":{"line":28,"column":21},"end":{"line":28,"column":45}},"locations":[{"start":{"line":28,"column":21},"end":{"line":28,"column":45}}]}},"b":{"0":[9],"1":[4],"2":[2],"3":[1],"4":[1],"5":[2],"6":[1],"7":[1],"8":[4]},"fnMap":{"0":{"name":"useUploadSingleFile","decl":{"start":{"line":11,"column":35},"end":{"line":29,"column":2}},"loc":{"start":{"line":11,"column":35},"end":{"line":29,"column":2}},"line":11},"1":{"name":"submit","decl":{"start":{"line":14,"column":19},"end":{"line":26,"column":6}},"loc":{"start":{"line":14,"column":19},"end":{"line":26,"column":6}},"line":14},"2":{"name":"submit","decl":{"start":{"line":28,"column":21},"end":{"line":28,"column":45}},"loc":{"start":{"line":28,"column":21},"end":{"line":28,"column":45}},"line":28}},"f":{"0":9,"1":4,"2":4}}
,"/Users/istvanlovas/WebstormProjects/frontend-task-boilerplate-main/src/client/FileUploader/hooks/useUploadSingleFileInChunks.ts": {"path":"/Users/istvanlovas/WebstormProjects/frontend-task-boilerplate-main/src/client/FileUploader/hooks/useUploadSingleFileInChunks.ts","all":false,"statementMap":{"0":{"start":{"line":1,"column":0},"end":{"line":1,"column":46}},"1":{"start":{"line":2,"column":0},"end":{"line":2,"column":0}},"2":{"start":{"line":3,"column":0},"end":{"line":3,"column":36}},"3":{"start":{"line":4,"column":0},"end":{"line":4,"column":0}},"4":{"start":{"line":5,"column":0},"end":{"line":5,"column":24}},"5":{"start":{"line":6,"column":0},"end":{"line":6,"column":61}},"6":{"start":{"line":7,"column":0},"end":{"line":7,"column":26}},"7":{"start":{"line":8,"column":0},"end":{"line":8,"column":21}},"8":{"start":{"line":9,"column":0},"end":{"line":9,"column":1}},"9":{"start":{"line":10,"column":0},"end":{"line":10,"column":0}},"10":{"start":{"line":11,"column":0},"end":{"line":11,"column":60}},"11":{"start":{"line":12,"column":0},"end":{"line":12,"column":0}},"12":{"start":{"line":13,"column":0},"end":{"line":13,"column":75}},"13":{"start":{"line":14,"column":0},"end":{"line":14,"column":56}},"14":{"start":{"line":15,"column":0},"end":{"line":15,"column":68}},"15":{"start":{"line":16,"column":0},"end":{"line":16,"column":0}},"16":{"start":{"line":17,"column":0},"end":{"line":17,"column":45}},"17":{"start":{"line":18,"column":0},"end":{"line":18,"column":23}},"18":{"start":{"line":19,"column":0},"end":{"line":19,"column":11}},"19":{"start":{"line":20,"column":0},"end":{"line":20,"column":0}},"20":{"start":{"line":21,"column":0},"end":{"line":21,"column":31}},"21":{"start":{"line":22,"column":0},"end":{"line":22,"column":50}},"22":{"start":{"line":23,"column":0},"end":{"line":23,"column":28}},"23":{"start":{"line":24,"column":0},"end":{"line":24,"column":0}},"24":{"start":{"line":25,"column":0},"end":{"line":25,"column":31}},"25":{"start":{"line":26,"column":0},"end":{"line":26,"column":26}},"26":{"start":{"line":27,"column":0},"end":{"line":27,"column":32}},"27":{"start":{"line":28,"column":0},"end":{"line":28,"column":0}},"28":{"start":{"line":29,"column":0},"end":{"line":29,"column":65}},"29":{"start":{"line":30,"column":0},"end":{"line":30,"column":0}},"30":{"start":{"line":31,"column":0},"end":{"line":31,"column":60}},"31":{"start":{"line":32,"column":0},"end":{"line":32,"column":74}},"32":{"start":{"line":33,"column":0},"end":{"line":33,"column":48}},"33":{"start":{"line":34,"column":0},"end":{"line":34,"column":58}},"34":{"start":{"line":35,"column":0},"end":{"line":35,"column":70}},"35":{"start":{"line":36,"column":0},"end":{"line":36,"column":65}},"36":{"start":{"line":37,"column":0},"end":{"line":37,"column":0}},"37":{"start":{"line":38,"column":0},"end":{"line":38,"column":21}},"38":{"start":{"line":39,"column":0},"end":{"line":39,"column":38}},"39":{"start":{"line":40,"column":0},"end":{"line":40,"column":39}},"40":{"start":{"line":41,"column":0},"end":{"line":41,"column":39}},"41":{"start":{"line":42,"column":0},"end":{"line":42,"column":23}},"42":{"start":{"line":43,"column":0},"end":{"line":43,"column":0}},"43":{"start":{"line":44,"column":0},"end":{"line":44,"column":33}},"44":{"start":{"line":45,"column":0},"end":{"line":45,"column":32}},"45":{"start":{"line":46,"column":0},"end":{"line":46,"column":65}},"46":{"start":{"line":47,"column":0},"end":{"line":47,"column":0}},"47":{"start":{"line":48,"column":0},"end":{"line":48,"column":66}},"48":{"start":{"line":49,"column":0},"end":{"line":49,"column":0}},"49":{"start":{"line":50,"column":0},"end":{"line":50,"column":51}},"50":{"start":{"line":51,"column":0},"end":{"line":51,"column":44}},"51":{"start":{"line":52,"column":0},"end":{"line":52,"column":21}},"52":{"start":{"line":53,"column":0},"end":{"line":53,"column":34}},"53":{"start":{"line":54,"column":0},"end":{"line":54,"column":101}},"54":{"start":{"line":55,"column":0},"end":{"line":55,"column":40}},"55":{"start":{"line":56,"column":0},"end":{"line":56,"column":17}},"56":{"start":{"line":57,"column":0},"end":{"line":57,"column":14}},"57":{"start":{"line":58,"column":0},"end":{"line":58,"column":0}},"58":{"start":{"line":59,"column":0},"end":{"line":59,"column":32}},"59":{"start":{"line":60,"column":0},"end":{"line":60,"column":10}},"60":{"start":{"line":61,"column":0},"end":{"line":61,"column":34}},"61":{"start":{"line":62,"column":0},"end":{"line":62,"column":6}},"62":{"start":{"line":63,"column":0},"end":{"line":63,"column":0}},"63":{"start":{"line":64,"column":0},"end":{"line":64,"column":92}},"64":{"start":{"line":65,"column":0},"end":{"line":65,"column":2}}},"s":{"0":1,"1":1,"2":1,"3":1,"4":1,"5":1,"6":1,"7":1,"8":1,"9":1,"10":1,"11":1,"12":1,"13":12,"14":12,"15":12,"16":12,"17":3,"18":12,"19":12,"20":12,"21":12,"22":3,"23":3,"24":3,"25":3,"26":3,"27":3,"28":3,"29":3,"30":3,"31":8,"32":8,"33":8,"34":8,"35":8,"36":8,"37":8,"38":8,"39":8,"40":8,"41":8,"42":6,"43":6,"44":6,"45":6,"46":6,"47":6,"48":6,"49":8,"50":5,"51":5,"52":8,"53":2,"54":2,"55":2,"56":8,"57":3,"58":3,"59":3,"60":12,"61":12,"62":12,"63":12,"64":12},"branchMap":{"0":{"type":"branch","line":13,"loc":{"start":{"line":13,"column":43},"end":{"line":65,"column":2}},"locations":[{"start":{"line":13,"column":43},"end":{"line":65,"column":2}}]},"1":{"type":"branch","line":17,"loc":{"start":{"line":17,"column":38},"end":{"line":19,"column":7}},"locations":[{"start":{"line":17,"column":38},"end":{"line":19,"column":7}}]},"2":{"type":"branch","line":22,"loc":{"start":{"line":22,"column":8},"end":{"line":60,"column":10}},"locations":[{"start":{"line":22,"column":8},"end":{"line":60,"column":10}}]},"3":{"type":"branch","line":31,"loc":{"start":{"line":31,"column":32},"end":{"line":57,"column":14}},"locations":[{"start":{"line":31,"column":32},"end":{"line":57,"column":14}}]},"4":{"type":"branch","line":42,"loc":{"start":{"line":42,"column":21},"end":{"line":50,"column":50}},"locations":[{"start":{"line":42,"column":21},"end":{"line":50,"column":50}}]},"5":{"type":"branch","line":50,"loc":{"start":{"line":50,"column":50},"end":{"line":52,"column":21}},"locations":[{"start":{"line":50,"column":50},"end":{"line":52,"column":21}}]},"6":{"type":"branch","line":53,"loc":{"start":{"line":53,"column":16},"end":{"line":56,"column":17}},"locations":[{"start":{"line":53,"column":16},"end":{"line":56,"column":17}}]},"7":{"type":"branch","line":54,"loc":{"start":{"line":54,"column":56},"end":{"line":54,"column":81}},"locations":[{"start":{"line":54,"column":56},"end":{"line":54,"column":81}}]},"8":{"type":"branch","line":54,"loc":{"start":{"line":54,"column":71},"end":{"line":54,"column":101}},"locations":[{"start":{"line":54,"column":71},"end":{"line":54,"column":101}}]},"9":{"type":"branch","line":64,"loc":{"start":{"line":64,"column":21},"end":{"line":64,"column":67}},"locations":[{"start":{"line":64,"column":21},"end":{"line":64,"column":67}}]}},"b":{"0":[12],"1":[3],"2":[3],"3":[8],"4":[6],"5":[5],"6":[2],"7":[1],"8":[1],"9":[3]},"fnMap":{"0":{"name":"useUploadSingleFileInChunks","decl":{"start":{"line":13,"column":43},"end":{"line":65,"column":2}},"loc":{"start":{"line":13,"column":43},"end":{"line":65,"column":2}},"line":13},"1":{"name":"uploadChunk","decl":{"start":{"line":31,"column":32},"end":{"line":57,"column":14}},"loc":{"start":{"line":31,"column":32},"end":{"line":57,"column":14}},"line":31},"2":{"name":"submit","decl":{"start":{"line":64,"column":21},"end":{"line":64,"column":67}},"loc":{"start":{"line":64,"column":21},"end":{"line":64,"column":67}},"line":64}},"f":{"0":12,"1":8,"2":3}}
,"/Users/istvanlovas/WebstormProjects/frontend-task-boilerplate-main/src/client/FileUploader/tools/validation.ts": {"path":"/Users/istvanlovas/WebstormProjects/frontend-task-boilerplate-main/src/client/FileUploader/tools/validation.ts","all":false,"statementMap":{"0":{"start":{"line":1,"column":0},"end":{"line":1,"column":92}},"1":{"start":{"line":2,"column":0},"end":{"line":2,"column":59}},"2":{"start":{"line":3,"column":0},"end":{"line":3,"column":0}},"3":{"start":{"line":4,"column":0},"end":{"line":4,"column":101}}},"s":{"0":1,"1":9,"2":1,"3":1},"branchMap":{"0":{"type":"branch","line":1,"loc":{"start":{"line":1,"column":39},"end":{"line":2,"column":59}},"locations":[{"start":{"line":1,"column":39},"end":{"line":2,"column":59}}]},"1":{"type":"branch","line":2,"loc":{"start":{"line":2,"column":29},"end":{"line":2,"column":57}},"locations":[{"start":{"line":2,"column":29},"end":{"line":2,"column":57}}]},"2":{"type":"branch","line":4,"loc":{"start":{"line":4,"column":34},"end":{"line":4,"column":101}},"locations":[{"start":{"line":4,"column":34},"end":{"line":4,"column":101}}]}},"b":{"0":[9],"1":[19],"2":[9]},"fnMap":{"0":{"name":"fileExtensionValidation","decl":{"start":{"line":1,"column":39},"end":{"line":2,"column":59}},"loc":{"start":{"line":1,"column":39},"end":{"line":2,"column":59}},"line":1},"1":{"name":"fileSizeValidation","decl":{"start":{"line":4,"column":34},"end":{"line":4,"column":101}},"loc":{"start":{"line":4,"column":34},"end":{"line":4,"column":101}},"line":4}},"f":{"0":9,"1":9}}
,"/Users/istvanlovas/WebstormProjects/frontend-task-boilerplate-main/src/server/main.ts": {"path":"/Users/istvanlovas/WebstormProjects/frontend-task-boilerplate-main/src/server/main.ts","all":true,"statementMap":{"0":{"start":{"line":1,"column":0},"end":{"line":1,"column":39}},"1":{"start":{"line":2,"column":0},"end":{"line":2,"column":0}},"2":{"start":{"line":3,"column":0},"end":{"line":3,"column":31}},"3":{"start":{"line":4,"column":0},"end":{"line":4,"column":0}},"4":{"start":{"line":5,"column":0},"end":{"line":5,"column":18}},"5":{"start":{"line":6,"column":0},"end":{"line":6,"column":0}},"6":{"start":{"line":7,"column":0},"end":{"line":7,"column":37}},"7":{"start":{"line":8,"column":0},"end":{"line":8,"column":67}},"8":{"start":{"line":9,"column":0},"end":{"line":9,"column":3}}},"s":{"0":0,"1":0,"2":0,"3":0,"4":0,"5":0,"6":0,"7":0,"8":0},"branchMap":{"0":{"type":"branch","line":1,"loc":{"start":{"line":1,"column":203},"end":{"line":9,"column":3}},"locations":[{"start":{"line":1,"column":203},"end":{"line":9,"column":3}}]}},"b":{"0":[0]},"fnMap":{"0":{"name":"(empty-report)","decl":{"start":{"line":1,"column":203},"end":{"line":9,"column":3}},"loc":{"start":{"line":1,"column":203},"end":{"line":9,"column":3}},"line":1}},"f":{"0":0}}
,"/Users/istvanlovas/WebstormProjects/frontend-task-boilerplate-main/src/server/server.ts": {"path":"/Users/istvanlovas/WebstormProjects/frontend-task-boilerplate-main/src/server/server.ts","all":true,"statementMap":{"0":{"start":{"line":1,"column":0},"end":{"line":1,"column":79}},"1":{"start":{"line":2,"column":0},"end":{"line":2,"column":59}},"2":{"start":{"line":3,"column":0},"end":{"line":3,"column":33}},"3":{"start":{"line":4,"column":0},"end":{"line":4,"column":33}},"4":{"start":{"line":5,"column":0},"end":{"line":5,"column":38}},"5":{"start":{"line":6,"column":0},"end":{"line":6,"column":0}},"6":{"start":{"line":7,"column":0},"end":{"line":7,"column":37}},"7":{"start":{"line":8,"column":0},"end":{"line":8,"column":63}},"8":{"start":{"line":9,"column":0},"end":{"line":9,"column":28}},"9":{"start":{"line":10,"column":0},"end":{"line":10,"column":0}},"10":{"start":{"line":11,"column":0},"end":{"line":11,"column":53}},"11":{"start":{"line":12,"column":0},"end":{"line":12,"column":0}},"12":{"start":{"line":13,"column":0},"end":{"line":13,"column":91}},"13":{"start":{"line":14,"column":0},"end":{"line":14,"column":104}},"14":{"start":{"line":15,"column":0},"end":{"line":15,"column":0}},"15":{"start":{"line":16,"column":0},"end":{"line":16,"column":29}},"16":{"start":{"line":17,"column":0},"end":{"line":17,"column":0}},"17":{"start":{"line":18,"column":0},"end":{"line":18,"column":44}},"18":{"start":{"line":19,"column":0},"end":{"line":19,"column":24}},"19":{"start":{"line":20,"column":0},"end":{"line":20,"column":0}},"20":{"start":{"line":21,"column":0},"end":{"line":21,"column":70}},"21":{"start":{"line":22,"column":0},"end":{"line":22,"column":34}},"22":{"start":{"line":23,"column":0},"end":{"line":23,"column":30}},"23":{"start":{"line":24,"column":0},"end":{"line":24,"column":5}},"24":{"start":{"line":25,"column":0},"end":{"line":25,"column":0}},"25":{"start":{"line":26,"column":0},"end":{"line":26,"column":71}},"26":{"start":{"line":27,"column":0},"end":{"line":27,"column":43}},"27":{"start":{"line":28,"column":0},"end":{"line":28,"column":67}},"28":{"start":{"line":29,"column":0},"end":{"line":29,"column":58}},"29":{"start":{"line":30,"column":0},"end":{"line":30,"column":39}},"30":{"start":{"line":31,"column":0},"end":{"line":31,"column":34}},"31":{"start":{"line":32,"column":0},"end":{"line":32,"column":5}},"32":{"start":{"line":33,"column":0},"end":{"line":33,"column":0}},"33":{"start":{"line":34,"column":0},"end":{"line":34,"column":22}},"34":{"start":{"line":35,"column":0},"end":{"line":35,"column":2}},"35":{"start":{"line":36,"column":0},"end":{"line":36,"column":0}},"36":{"start":{"line":37,"column":0},"end":{"line":37,"column":52}},"37":{"start":{"line":38,"column":0},"end":{"line":38,"column":27}},"38":{"start":{"line":39,"column":0},"end":{"line":39,"column":0}},"39":{"start":{"line":40,"column":0},"end":{"line":40,"column":66}},"40":{"start":{"line":41,"column":0},"end":{"line":41,"column":75}},"41":{"start":{"line":42,"column":0},"end":{"line":42,"column":20}},"42":{"start":{"line":43,"column":0},"end":{"line":43,"column":87}},"43":{"start":{"line":44,"column":0},"end":{"line":44,"column":5}},"44":{"start":{"line":45,"column":0},"end":{"line":45,"column":0}},"45":{"start":{"line":46,"column":0},"end":{"line":46,"column":48}},"46":{"start":{"line":47,"column":0},"end":{"line":47,"column":53}},"47":{"start":{"line":48,"column":0},"end":{"line":48,"column":0}},"48":{"start":{"line":49,"column":0},"end":{"line":49,"column":9}},"49":{"start":{"line":50,"column":0},"end":{"line":50,"column":88}},"50":{"start":{"line":51,"column":0},"end":{"line":51,"column":0}},"51":{"start":{"line":52,"column":0},"end":{"line":52,"column":72}},"52":{"start":{"line":53,"column":0},"end":{"line":53,"column":21}},"53":{"start":{"line":54,"column":0},"end":{"line":54,"column":51}},"54":{"start":{"line":55,"column":0},"end":{"line":55,"column":61}},"55":{"start":{"line":56,"column":0},"end":{"line":56,"column":5}},"56":{"start":{"line":57,"column":0},"end":{"line":57,"column":3}},"57":{"start":{"line":58,"column":0},"end":{"line":58,"column":0}},"58":{"start":{"line":59,"column":0},"end":{"line":59,"column":9}},"59":{"start":{"line":60,"column":0},"end":{"line":60,"column":24}},"60":{"start":{"line":61,"column":0},"end":{"line":61,"column":26}},"61":{"start":{"line":62,"column":0},"end":{"line":62,"column":70}},"62":{"start":{"line":63,"column":0},"end":{"line":63,"column":102}},"63":{"start":{"line":64,"column":0},"end":{"line":64,"column":94}},"64":{"start":{"line":65,"column":0},"end":{"line":65,"column":82}},"65":{"start":{"line":66,"column":0},"end":{"line":66,"column":9}},"66":{"start":{"line":67,"column":0},"end":{"line":67,"column":0}},"67":{"start":{"line":68,"column":0},"end":{"line":68,"column":86}},"68":{"start":{"line":69,"column":0},"end":{"line":69,"column":37}},"69":{"start":{"line":70,"column":0},"end":{"line":70,"column":41}},"70":{"start":{"line":71,"column":0},"end":{"line":71,"column":131}},"71":{"start":{"line":72,"column":0},"end":{"line":72,"column":15}},"72":{"start":{"line":73,"column":0},"end":{"line":73,"column":9}},"73":{"start":{"line":74,"column":0},"end":{"line":74,"column":0}},"74":{"start":{"line":75,"column":0},"end":{"line":75,"column":69}},"75":{"start":{"line":76,"column":0},"end":{"line":76,"column":57}},"76":{"start":{"line":77,"column":0},"end":{"line":77,"column":86}},"77":{"start":{"line":78,"column":0},"end":{"line":78,"column":57}},"78":{"start":{"line":79,"column":0},"end":{"line":79,"column":0}},"79":{"start":{"line":80,"column":0},"end":{"line":80,"column":83}},"80":{"start":{"line":81,"column":0},"end":{"line":81,"column":0}},"81":{"start":{"line":82,"column":0},"end":{"line":82,"column":13}},"82":{"start":{"line":83,"column":0},"end":{"line":83,"column":78}},"83":{"start":{"line":84,"column":0},"end":{"line":84,"column":0}},"84":{"start":{"line":85,"column":0},"end":{"line":85,"column":92}},"85":{"start":{"line":86,"column":0},"end":{"line":86,"column":56}},"86":{"start":{"line":87,"column":0},"end":{"line":87,"column":46}},"87":{"start":{"line":88,"column":0},"end":{"line":88,"column":81}},"88":{"start":{"line":89,"column":0},"end":{"line":89,"column":57}},"89":{"start":{"line":90,"column":0},"end":{"line":90,"column":13}},"90":{"start":{"line":91,"column":0},"end":{"line":91,"column":0}},"91":{"start":{"line":92,"column":0},"end":{"line":92,"column":91}},"92":{"start":{"line":93,"column":0},"end":{"line":93,"column":25}},"93":{"start":{"line":94,"column":0},"end":{"line":94,"column":56}},"94":{"start":{"line":95,"column":0},"end":{"line":95,"column":73}},"95":{"start":{"line":96,"column":0},"end":{"line":96,"column":9}},"96":{"start":{"line":97,"column":0},"end":{"line":97,"column":5}},"97":{"start":{"line":98,"column":0},"end":{"line":98,"column":2}},"98":{"start":{"line":99,"column":0},"end":{"line":99,"column":0}},"99":{"start":{"line":100,"column":0},"end":{"line":100,"column":66}},"100":{"start":{"line":101,"column":0},"end":{"line":101,"column":44}},"101":{"start":{"line":102,"column":0},"end":{"line":102,"column":9}},"102":{"start":{"line":103,"column":0},"end":{"line":103,"column":52}},"103":{"start":{"line":104,"column":0},"end":{"line":104,"column":59}},"104":{"start":{"line":105,"column":0},"end":{"line":105,"column":43}},"105":{"start":{"line":106,"column":0},"end":{"line":106,"column":42}},"106":{"start":{"line":107,"column":0},"end":{"line":107,"column":25}},"107":{"start":{"line":108,"column":0},"end":{"line":108,"column":13}},"108":{"start":{"line":109,"column":0},"end":{"line":109,"column":0}},"109":{"start":{"line":110,"column":0},"end":{"line":110,"column":64}},"110":{"start":{"line":111,"column":0},"end":{"line":111,"column":24}},"111":{"start":{"line":112,"column":0},"end":{"line":112,"column":31}},"112":{"start":{"line":113,"column":0},"end":{"line":113,"column":32}},"113":{"start":{"line":114,"column":0},"end":{"line":114,"column":15}},"114":{"start":{"line":115,"column":0},"end":{"line":115,"column":9}},"115":{"start":{"line":116,"column":0},"end":{"line":116,"column":0}},"116":{"start":{"line":117,"column":0},"end":{"line":117,"column":47}},"117":{"start":{"line":118,"column":0},"end":{"line":118,"column":21}},"118":{"start":{"line":119,"column":0},"end":{"line":119,"column":85}},"119":{"start":{"line":120,"column":0},"end":{"line":120,"column":49}},"120":{"start":{"line":121,"column":0},"end":{"line":121,"column":5}},"121":{"start":{"line":122,"column":0},"end":{"line":122,"column":3}}},"s":{"0":0,"1":0,"2":0,"3":0,"4":0,"5":0,"6":0,"7":0,"8":0,"9":0,"10":0,"11":0,"12":0,"13":0,"14":0,"15":0,"16":0,"17":0,"18":0,"19":0,"20":0,"21":0,"22":0,"23":0,"24":0,"25":0,"26":0,"27":0,"28":0,"29":0,"30":0,"31":0,"32":0,"33":0,"34":0,"35":0,"36":0,"37":0,"38":0,"39":0,"40":0,"41":0,"42":0,"43":0,"44":0,"45":0,"46":0,"47":0,"48":0,"49":0,"50":0,"51":0,"52":0,"53":0,"54":0,"55":0,"56":0,"57":0,"58":0,"59":0,"60":0,"61":0,"62":0,"63":0,"64":0,"65":0,"66":0,"67":0,"68":0,"69":0,"70":0,"71":0,"72":0,"73":0,"74":0,"75":0,"76":0,"77":0,"78":0,"79":0,"80":0,"81":0,"82":0,"83":0,"84":0,"85":0,"86":0,"87":0,"88":0,"89":0,"90":0,"91":0,"92":0,"93":0,"94":0,"95":0,"96":0,"97":0,"98":0,"99":0,"100":0,"101":0,"102":0,"103":0,"104":0,"105":0,"106":0,"107":0,"108":0,"109":0,"110":0,"111":0,"112":0,"113":0,"114":0,"115":0,"116":0,"117":0,"118":0,"119":0,"120":0,"121":0},"branchMap":{"0":{"type":"branch","line":1,"loc":{"start":{"line":1,"column":0},"end":{"line":122,"column":-7}},"locations":[{"start":{"line":1,"column":0},"end":{"line":122,"column":-7}}]}},"b":{"0":[0]},"fnMap":{"0":{"name":"(empty-report)","decl":{"start":{"line":1,"column":0},"end":{"line":122,"column":-7}},"loc":{"start":{"line":1,"column":0},"end":{"line":122,"column":-7}},"line":1}},"f":{"0":0}}
}
